<?xml version="1.0" encoding="UTF-8"?>
<!-- Generated by org.testng.reporters.JUnitXMLReporter -->
<testsuite ignored="0" hostname="Fujitsu" failures="0" tests="5" name="Default test" time="0.076" errors="0" timestamp="2021-12-09T17:36:33 PST">
  <testcase classname="com.actitime.testscripts.CustomerModule1" name="createCustomer" time="0.012"/>
  <testcase classname="com.actitime.testscripts.CustomerModule1" name="createCustomer" time="0.001"/>
  <testcase classname="com.actitime.testscripts.CustomerModule1" name="createCustomer" time="0.002"/>
  <testcase classname="com.actitime.testscripts.CustomerModule1" name="modifyCustomer" time="0.001"/>
  <testcase classname="com.actitime.testscripts.CustomerModule1" name="deleteCustomer" time="0.001"/>
</testsuite> <!-- Default test -->
