<?xml version="1.0" encoding="UTF-8"?>
<testng-results ignored="0" total="5" passed="5" failed="0" skipped="0">
  <reporter-output>
    <line>
      <![CDATA[create customer]]>
    </line>
    <line>
      <![CDATA[create customer]]>
    </line>
    <line>
      <![CDATA[create customer]]>
    </line>
    <line>
      <![CDATA[modify customer]]>
    </line>
    <line>
      <![CDATA[delete customer]]>
    </line>
  </reporter-output>
  <suite started-at="2021-12-09T17:36:33 PST" name="Default suite" finished-at="2021-12-09T17:36:33 PST" duration-ms="76">
    <groups>
    </groups>
    <test started-at="2021-12-09T17:36:33 PST" name="Default test" finished-at="2021-12-09T17:36:33 PST" duration-ms="76">
      <class name="com.actitime.testscripts.CustomerModule1">
        <test-method signature="createCustomer()[pri:1, instance:com.actitime.testscripts.CustomerModule1@4ef37659]" started-at="2021-12-09T17:36:33 PST" name="createCustomer" finished-at="2021-12-09T17:36:33 PST" duration-ms="12" status="PASS">
          <reporter-output>
            <line>
              <![CDATA[create customer]]>
            </line>
          </reporter-output>
        </test-method> <!-- createCustomer -->
        <test-method signature="createCustomer()[pri:1, instance:com.actitime.testscripts.CustomerModule1@4ef37659]" started-at="2021-12-09T17:36:33 PST" name="createCustomer" finished-at="2021-12-09T17:36:33 PST" duration-ms="1" status="PASS">
          <reporter-output>
            <line>
              <![CDATA[create customer]]>
            </line>
          </reporter-output>
        </test-method> <!-- createCustomer -->
        <test-method signature="createCustomer()[pri:1, instance:com.actitime.testscripts.CustomerModule1@4ef37659]" started-at="2021-12-09T17:36:33 PST" name="createCustomer" finished-at="2021-12-09T17:36:33 PST" duration-ms="2" status="PASS">
          <reporter-output>
            <line>
              <![CDATA[create customer]]>
            </line>
          </reporter-output>
        </test-method> <!-- createCustomer -->
        <test-method signature="modifyCustomer()[pri:2, instance:com.actitime.testscripts.CustomerModule1@4ef37659]" started-at="2021-12-09T17:36:33 PST" name="modifyCustomer" finished-at="2021-12-09T17:36:33 PST" depends-on-methods="com.actitime.testscripts.CustomerModule1.createCustomer" duration-ms="1" status="PASS">
          <reporter-output>
            <line>
              <![CDATA[modify customer]]>
            </line>
          </reporter-output>
        </test-method> <!-- modifyCustomer -->
        <test-method signature="deleteCustomer()[pri:3, instance:com.actitime.testscripts.CustomerModule1@4ef37659]" started-at="2021-12-09T17:36:33 PST" name="deleteCustomer" finished-at="2021-12-09T17:36:33 PST" depends-on-methods="com.actitime.testscripts.CustomerModule1.modifyCustomer, com.actitime.testscripts.CustomerModule1.createCustomer" duration-ms="1" status="PASS">
          <reporter-output>
            <line>
              <![CDATA[delete customer]]>
            </line>
          </reporter-output>
        </test-method> <!-- deleteCustomer -->
      </class> <!-- com.actitime.testscripts.CustomerModule1 -->
    </test> <!-- Default test -->
  </suite> <!-- Default suite -->
</testng-results>
